Using pre-set license
Built from '2022.3/staging' branch; Version is '2022.3.19f1 (244b723c30a6) revision 2378610'; Using compiler version '192829333'; Build Type 'Release'
OS: 'Windows 11  (10.0.22631) 64bit Core' Language: 'es' Physical Memory: 16109 MB
BatchMode: 1, IsHumanControllingUs: 0, StartBugReporterOnCrash: 0, Is64bit: 1, IsPro: 1

COMMAND LINE ARGUMENTS:
C:\Program Files\Unity\Hub\Editor\2022.3.19f1\Editor\Unity.exe
-adb2
-batchMode
-noUpm
-name
AssetImportWorker0
-projectPath
C:/hlocal/EIRV/RealidadVirtualUnity_Clase1/GafasVR_Clase1
-logFile
Logs/AssetImportWorker0.log
-srvPort
53932
Successfully changed project path to: C:/hlocal/EIRV/RealidadVirtualUnity_Clase1/GafasVR_Clase1
C:/hlocal/EIRV/RealidadVirtualUnity_Clase1/GafasVR_Clase1
[UnityMemory] Configuration Parameters - Can be set up in boot.config
    "memorysetup-bucket-allocator-granularity=16"
    "memorysetup-bucket-allocator-bucket-count=8"
    "memorysetup-bucket-allocator-block-size=33554432"
    "memorysetup-bucket-allocator-block-count=8"
    "memorysetup-main-allocator-block-size=16777216"
    "memorysetup-thread-allocator-block-size=16777216"
    "memorysetup-gfx-main-allocator-block-size=16777216"
    "memorysetup-gfx-thread-allocator-block-size=16777216"
    "memorysetup-cache-allocator-block-size=4194304"
    "memorysetup-typetree-allocator-block-size=2097152"
    "memorysetup-profiler-bucket-allocator-granularity=16"
    "memorysetup-profiler-bucket-allocator-bucket-count=8"
    "memorysetup-profiler-bucket-allocator-block-size=33554432"
    "memorysetup-profiler-bucket-allocator-block-count=8"
    "memorysetup-profiler-allocator-block-size=16777216"
    "memorysetup-profiler-editor-allocator-block-size=1048576"
    "memorysetup-temp-allocator-size-main=16777216"
    "memorysetup-job-temp-allocator-block-size=2097152"
    "memorysetup-job-temp-allocator-block-size-background=1048576"
    "memorysetup-job-temp-allocator-reduction-small-platforms=262144"
    "memorysetup-allocator-temp-initial-block-size-main=262144"
    "memorysetup-allocator-temp-initial-block-size-worker=262144"
    "memorysetup-temp-allocator-size-background-worker=32768"
    "memorysetup-temp-allocator-size-job-worker=262144"
    "memorysetup-temp-allocator-size-preload-manager=33554432"
    "memorysetup-temp-allocator-size-nav-mesh-worker=65536"
    "memorysetup-temp-allocator-size-audio-worker=65536"
    "memorysetup-temp-allocator-size-cloud-worker=32768"
    "memorysetup-temp-allocator-size-gi-baking-worker=262144"
    "memorysetup-temp-allocator-size-gfx=262144"
Player connection [37792] Host "[IP] 192.168.56.1 [Port] 0 [Flags] 2 [Guid] 3428791157 [EditorId] 3428791157 [Version] 1048832 [Id] WindowsEditor(7,NahiaLaptop) [Debug] 1 [PackageName] WindowsEditor [ProjectName] Editor" joined multi-casting on [225.0.0.222:54997]...

Player connection [37792] Host "[IP] 192.168.56.1 [Port] 0 [Flags] 2 [Guid] 3428791157 [EditorId] 3428791157 [Version] 1048832 [Id] WindowsEditor(7,NahiaLaptop) [Debug] 1 [PackageName] WindowsEditor [ProjectName] Editor" joined alternative multi-casting on [225.0.0.222:34997]...

[Physics::Module] Initialized MultithreadedJobDispatcher with 19 workers.
Refreshing native plugins compatible for Editor in 22.22 ms, found 13 plugins.
Preloading 1 native plugins for Editor in 3.32 ms.
Initialize engine version: 2022.3.19f1 (244b723c30a6)
[Subsystems] Discovering subsystems at path C:/Program Files/Unity/Hub/Editor/2022.3.19f1/Editor/Data/Resources/UnitySubsystems
[Subsystems] Discovering subsystems at path C:/hlocal/EIRV/RealidadVirtualUnity_Clase1/GafasVR_Clase1/Assets
GfxDevice: creating device client; threaded=0; jobified=0
Direct3D:
    Version:  Direct3D 11.0 [level 11.1]
    Renderer: NVIDIA GeForce RTX 3060 Laptop GPU (ID=0x2520)
    Vendor:   NVIDIA
    VRAM:     5996 MB
    Driver:   31.0.15.5176
Initialize mono
Mono path[0] = 'C:/Program Files/Unity/Hub/Editor/2022.3.19f1/Editor/Data/Managed'
Mono path[1] = 'C:/Program Files/Unity/Hub/Editor/2022.3.19f1/Editor/Data/MonoBleedingEdge/lib/mono/unityjit-win32'
Mono config path = 'C:/Program Files/Unity/Hub/Editor/2022.3.19f1/Editor/Data/MonoBleedingEdge/etc'
Using monoOptions --debugger-agent=transport=dt_socket,embedding=1,server=y,suspend=n,address=127.0.0.1:56976
Begin MonoManager ReloadAssembly
Registering precompiled unity dll's ...
Register platform support module: C:/Program Files/Unity/Hub/Editor/2022.3.19f1/Editor/Data/PlaybackEngines/AndroidPlayer/UnityEditor.Android.Extensions.dll
Register platform support module: C:/Program Files/Unity/Hub/Editor/2022.3.19f1/Editor/Data/PlaybackEngines/WindowsStandaloneSupport/UnityEditor.WindowsStandalone.Extensions.dll
Registered in 0.007945 seconds.
- Loaded All Assemblies, in  0.359 seconds
Native extension for WindowsStandalone target not found
Native extension for Android target not found
Android Extension - Scanning For ADB Devices 295 ms
Mono: successfully reloaded assembly
- Finished resetting the current domain, in  0.728 seconds
Domain Reload Profiling: 1085ms
	BeginReloadAssembly (108ms)
		ExecutionOrderSort (0ms)
		DisableScriptedObjects (0ms)
		BackupInstance (0ms)
		ReleaseScriptingObjects (0ms)
		CreateAndSetChildDomain (1ms)
	RebuildCommonClasses (33ms)
	RebuildNativeTypeToScriptingClass (10ms)
	initialDomainReloadingComplete (58ms)
	LoadAllAssembliesAndSetupDomain (149ms)
		LoadAssemblies (106ms)
		RebuildTransferFunctionScriptingTraits (0ms)
		AnalyzeDomain (146ms)
			TypeCache.Refresh (145ms)
				TypeCache.ScanAssembly (130ms)
			ScanForSourceGeneratedMonoScriptInfo (0ms)
			ResolveRequiredComponents (0ms)
	FinalizeReload (728ms)
		ReleaseScriptCaches (0ms)
		RebuildScriptCaches (0ms)
		SetupLoadedEditorAssemblies (657ms)
			LogAssemblyErrors (0ms)
			InitializePlatformSupportModulesInManaged (431ms)
			SetLoadedEditorAssemblies (6ms)
			RefreshPlugins (0ms)
			BeforeProcessingInitializeOnLoad (3ms)
			ProcessInitializeOnLoadAttributes (153ms)
			ProcessInitializeOnLoadMethodAttributes (64ms)
			AfterProcessingInitializeOnLoad (0ms)
			EditorAssembliesLoaded (0ms)
		ExecutionOrderSort2 (0ms)
		AwakeInstancesAfterBackupRestoration (0ms)
========================================================================
Worker process is ready to serve import requests
Begin MonoManager ReloadAssembly
- Loaded All Assemblies, in  1.225 seconds
Refreshing native plugins compatible for Editor in 23.22 ms, found 13 plugins.
Native extension for WindowsStandalone target not found
Native extension for Android target not found
Package Manager log level set to [2]
[Package Manager] Server::EnsureServerProcessIsRunning -- launch failed, reason: Unity was launched with the -noUpm command-line argument
[Package Manager] UpmClient::Send -- Unable to send message (not connected to UPM process).
[Package Manager] Cannot connect to Unity Package Manager local server
[Package Manager] Server::EnsureServerProcessIsRunning -- launch failed, reason: Unity was launched with the -noUpm command-line argument
[Package Manager] UpmClient::Send -- Unable to send message (not connected to UPM process).
[Package Manager] Cannot connect to Unity Package Manager local server
System.Reflection.TargetInvocationException: Exception has been thrown by the target of an invocation. ---> System.NullReferenceException: Object reference not set to an instance of an object
  at Unity.XR.Oculus.OculusLoader.AssetPathToAbsolutePath (System.String assetPath) [0x00041] in .\Library\PackageCache\com.unity.xr.oculus@4.1.2\Runtime\OculusLoader.cs:287 
  at Unity.XR.Oculus.OculusLoader.EditorLoadOVRPlugin () [0x000c9] in .\Library\PackageCache\com.unity.xr.oculus@4.1.2\Runtime\OculusLoader.cs:272 
  at (wrapper managed-to-native) System.Reflection.RuntimeMethodInfo.InternalInvoke(System.Reflection.RuntimeMethodInfo,object,object[],System.Exception&)
  at System.Reflection.RuntimeMethodInfo.Invoke (System.Object obj, System.Reflection.BindingFlags invokeAttr, System.Reflection.Binder binder, System.Object[] parameters, System.Globalization.CultureInfo culture) [0x0006a] in <bfbc89a04b6b4dd49c3614d03fc31ce8>:0 
   --- End of inner exception stack trace ---
  at System.Reflection.RuntimeMethodInfo.Invoke (System.Object obj, System.Reflection.BindingFlags invokeAttr, System.Reflection.Binder binder, System.Object[] parameters, System.Globalization.CultureInfo culture) [0x00083] in <bfbc89a04b6b4dd49c3614d03fc31ce8>:0 
  at System.Reflection.MethodBase.Invoke (System.Object obj, System.Object[] parameters) [0x00000] in <bfbc89a04b6b4dd49c3614d03fc31ce8>:0 
  at UnityEditor.EditorAssemblies.ProcessInitializeOnLoadMethodAttributes () [0x000a5] in <2acbecbc299e4654adc94df891af51f2>:0 
UnityEngine.StackTraceUtility:ExtractStackTrace ()
UnityEngine.DebugLogHandler:LogFormat (UnityEngine.LogType,UnityEngine.Object,string,object[])
UnityEngine.Logger:Log (UnityEngine.LogType,object)
UnityEngine.Debug:LogError (object)
UnityEditor.EditorAssemblies:ProcessInitializeOnLoadMethodAttributes ()

Mono: successfully reloaded assembly
[Package Manager] Server::EnsureServerProcessIsRunning -- launch failed, reason: Unity was launched with the -noUpm command-line argument
[Package Manager] UpmClient::Send -- Unable to send message (not connected to UPM process).
[Package Manager] Cannot connect to Unity Package Manager local server
[Package Manager] Server::EnsureServerProcessIsRunning -- launch failed, reason: Unity was launched with the -noUpm command-line argument
[Package Manager] UpmClient::Send -- Unable to send message (not connected to UPM process).
[Package Manager] Cannot connect to Unity Package Manager local server
- Finished resetting the current domain, in  1.453 seconds
Domain Reload Profiling: 2674ms
	BeginReloadAssembly (251ms)
		ExecutionOrderSort (0ms)
		DisableScriptedObjects (11ms)
		BackupInstance (0ms)
		ReleaseScriptingObjects (0ms)
		CreateAndSetChildDomain (34ms)
	RebuildCommonClasses (64ms)
	RebuildNativeTypeToScriptingClass (18ms)
	initialDomainReloadingComplete (61ms)
	LoadAllAssembliesAndSetupDomain (827ms)
		LoadAssemblies (605ms)
		RebuildTransferFunctionScriptingTraits (0ms)
		AnalyzeDomain (367ms)
			TypeCache.Refresh (313ms)
				TypeCache.ScanAssembly (286ms)
			ScanForSourceGeneratedMonoScriptInfo (41ms)
			ResolveRequiredComponents (10ms)
	FinalizeReload (1454ms)
		ReleaseScriptCaches (0ms)
		RebuildScriptCaches (0ms)
		SetupLoadedEditorAssemblies (1125ms)
			LogAssemblyErrors (0ms)
			InitializePlatformSupportModulesInManaged (46ms)
			SetLoadedEditorAssemblies (11ms)
			RefreshPlugins (0ms)
			BeforeProcessingInitializeOnLoad (216ms)
			ProcessInitializeOnLoadAttributes (747ms)
			ProcessInitializeOnLoadMethodAttributes (95ms)
			AfterProcessingInitializeOnLoad (9ms)
			EditorAssembliesLoaded (0ms)
		ExecutionOrderSort2 (0ms)
		AwakeInstancesAfterBackupRestoration (10ms)
Launched and connected shader compiler UnityShaderCompiler.exe after 0.08 seconds
Refreshing native plugins compatible for Editor in 26.41 ms, found 13 plugins.
Preloading 1 native plugins for Editor in 0.12 ms.
Unloading 4514 Unused Serialized files (Serialized files now loaded: 0)
Unloading 83 unused Assets / (75.6 KB). Loaded Objects now: 4984.
Memory consumption went from 165.6 MB to 165.5 MB.
Total: 8.082000 ms (FindLiveObjects: 0.474100 ms CreateObjectMapping: 0.228800 ms MarkObjects: 7.043300 ms  DeleteObjects: 0.333600 ms)

AssetImportParameters requested are different than current active one (requested -> active):
  custom:container-demuxer-ogg: 62fdf1f143b41e24485cea50d1cbac27 -> 
  custom:video-codec-MediaFoundation-h265: 746d11721c4dcdbdad8f713fa42b33f4 -> 
  custom:video-decoder-ogg-theora: a1e56fd34408186e4bbccfd4996cb3dc -> 
  custom:framework-win-MediaFoundation: 216162199b28c13a410421893ffa2e32 -> 
  custom:CustomObjectIndexerAttribute: 6d391050e5a25f67b0a2c618074f2cd9 -> 
  custom:container-demuxer-webm: 4f35f7cbe854078d1ac9338744f61a02 -> 
  custom:container-muxer-webm: aa71ff27fc2769a1b78a27578f13a17b -> 
  custom:video-decoder-webm-vp8: 9c59270c3fd7afecdb556c50c9e8de78 -> 
  custom:SearchIndexIgnoredProperties: e643bd26f0fe6173181afceb89e7c659 -> 
  custom:AudioImporter_EditorPlatform: d09bf68614088b80899f8185d706f6e7 -> 
  custom:video-encoder-webm-vp8: eb34c28f22e8b96e1ab97ce403110664 -> 
  custom:audio-decoder-ogg-vorbis: bf7c407c2cedff20999df2af8eb42d56 -> 
  custom:audio-encoder-webm-vorbis: bf7c407c2cedff20999df2af8eb42d56 -> 
========================================================================
Received Import Request.
  Time since last request: 304872.870238 seconds.
  path: Assets/Materials/Mosaico.mat
  artifactKey: Guid(2e84ab80f85ae9f44857030dac698628) Importer(815301076,1909f56bfc062723c751e8b465ee728b)
Start importing Assets/Materials/Mosaico.mat using Guid(2e84ab80f85ae9f44857030dac698628) Importer(815301076,1909f56bfc062723c751e8b465ee728b)  -> (artifact id: 'd1a960e521d238b41cb8577b10c2115d') in 0.155194 seconds
Number of updated asset objects reloaded before import = 0
Number of asset objects unloaded after import = 1
========================================================================
Received Import Request.
  Time since last request: 1.906266 seconds.
  path: Assets/MATERIALES
  artifactKey: Guid(99c4d405a42bb41478e76501af575686) Importer(815301076,1909f56bfc062723c751e8b465ee728b)
Start importing Assets/MATERIALES using Guid(99c4d405a42bb41478e76501af575686) Importer(815301076,1909f56bfc062723c751e8b465ee728b)  -> (artifact id: 'd53758c9e8df50928dc6ca7f4da23f31') in 0.000732 seconds
Number of updated asset objects reloaded before import = 0
Number of asset objects unloaded after import = 0
========================================================================
Received Import Request.
  Time since last request: 1.414138 seconds.
  path: Assets/MATERIALES/Texturas
  artifactKey: Guid(b7f0d72bd5749194f8dd12853668b902) Importer(815301076,1909f56bfc062723c751e8b465ee728b)
Start importing Assets/MATERIALES/Texturas using Guid(b7f0d72bd5749194f8dd12853668b902) Importer(815301076,1909f56bfc062723c751e8b465ee728b)  -> (artifact id: 'e69b5d1bd036afb308ec61dfb650fb36') in 0.006281 seconds
Number of updated asset objects reloaded before import = 0
Number of asset objects unloaded after import = 0
========================================================================
Received Import Request.
  Time since last request: 0.053029 seconds.
  path: Assets/MATERIALES/Texturas/62be8c0b2ea6de9d2bc8ae02264e31cd (1).jpg
  artifactKey: Guid(96acf22dea4127c42b11a1ddab130936) Importer(815301076,1909f56bfc062723c751e8b465ee728b)
Start importing Assets/MATERIALES/Texturas/62be8c0b2ea6de9d2bc8ae02264e31cd (1).jpg using Guid(96acf22dea4127c42b11a1ddab130936) Importer(815301076,1909f56bfc062723c751e8b465ee728b)  -> (artifact id: '2d932593a7db5374a349e7751d2398a6') in 0.059536 seconds
Number of updated asset objects reloaded before import = 0
Number of asset objects unloaded after import = 2
========================================================================
Received Import Request.
  Time since last request: 0.000202 seconds.
  path: Assets/MATERIALES/Texturas/IO005C.jpg
  artifactKey: Guid(975a87b5c7d357547a7aa5fb9a210488) Importer(815301076,1909f56bfc062723c751e8b465ee728b)
Start importing Assets/MATERIALES/Texturas/IO005C.jpg using Guid(975a87b5c7d357547a7aa5fb9a210488) Importer(815301076,1909f56bfc062723c751e8b465ee728b)  -> (artifact id: '228d1c5b4092335cacb847e93890e56a') in 0.038310 seconds
Number of updated asset objects reloaded before import = 0
Number of asset objects unloaded after import = 2
========================================================================
Received Import Request.
  Time since last request: 0.000022 seconds.
  path: Assets/MATERIALES/Texturas/photos_2020_1_18_fst_floral-pattern.jpg
  artifactKey: Guid(cfcc2059ff9e510479040dab0ba753c2) Importer(815301076,1909f56bfc062723c751e8b465ee728b)
Start importing Assets/MATERIALES/Texturas/photos_2020_1_18_fst_floral-pattern.jpg using Guid(cfcc2059ff9e510479040dab0ba753c2) Importer(815301076,1909f56bfc062723c751e8b465ee728b)  -> (artifact id: 'dd6c08fcbfc2da7ff333a90d9e4bea28') in 0.056948 seconds
Number of updated asset objects reloaded before import = 0
Number of asset objects unloaded after import = 2
========================================================================
Received Import Request.
  Time since last request: 0.000169 seconds.
  path: Assets/MATERIALES/Texturas/istockphoto-638894468-1024x1024.jpg
  artifactKey: Guid(bcc20f0bb0006b54ba0ce491d59b620f) Importer(815301076,1909f56bfc062723c751e8b465ee728b)
Start importing Assets/MATERIALES/Texturas/istockphoto-638894468-1024x1024.jpg using Guid(bcc20f0bb0006b54ba0ce491d59b620f) Importer(815301076,1909f56bfc062723c751e8b465ee728b)  -> (artifact id: 'd491a9778e1501564ce69f571e58139a') in 0.029789 seconds
Number of updated asset objects reloaded before import = 0
Number of asset objects unloaded after import = 2
========================================================================
Received Import Request.
  Time since last request: 303.900235 seconds.
  path: Assets/MATERIALES/Texturas/Materialll2.mat
  artifactKey: Guid(d9beb61487b52914ca0ebe6b5057121e) Importer(815301076,1909f56bfc062723c751e8b465ee728b)
Start importing Assets/MATERIALES/Texturas/Materialll2.mat using Guid(d9beb61487b52914ca0ebe6b5057121e) Importer(815301076,1909f56bfc062723c751e8b465ee728b)  -> (artifact id: '6d6c960888c13175ca9c9ef57b0764c9') in 0.117773 seconds
Number of updated asset objects reloaded before import = 0
Number of asset objects unloaded after import = 2
========================================================================
Received Import Request.
  Time since last request: 18.463990 seconds.
  path: Assets/MATERIALES/Texturas/NormalMap.png
  artifactKey: Guid(68581e53929d46f4481968377c0cdf8e) Importer(815301076,1909f56bfc062723c751e8b465ee728b)
Start importing Assets/MATERIALES/Texturas/NormalMap.png using Guid(68581e53929d46f4481968377c0cdf8e) Importer(815301076,1909f56bfc062723c751e8b465ee728b)  -> (artifact id: '49b524820e84cd5ee5dde992ae6b5dd5') in 0.060785 seconds
Number of updated asset objects reloaded before import = 0
Number of asset objects unloaded after import = 2
========================================================================
Received Import Request.
  Time since last request: 30.806379 seconds.
  path: Assets/MATERIALES/Modelos 3D/pot/Vase01.obj
  artifactKey: Guid(8b2be77e48784054d807b3b45c5b498c) Importer(815301076,1909f56bfc062723c751e8b465ee728b)
Start importing Assets/MATERIALES/Modelos 3D/pot/Vase01.obj using Guid(8b2be77e48784054d807b3b45c5b498c) Importer(815301076,1909f56bfc062723c751e8b465ee728b)  -> (artifact id: '2dcf69aa169b1c7abebbef03708dd957') in 0.069212 seconds
Number of updated asset objects reloaded before import = 0
Number of asset objects unloaded after import = 10
========================================================================
Received Import Request.
  Time since last request: 17.716860 seconds.
  path: Assets/MATERIALES/Valencia Fountain/Fbx/Materials/FountainDifuse.mat
  artifactKey: Guid(61871f12fa1af2144a00447fa36db614) Importer(815301076,1909f56bfc062723c751e8b465ee728b)
Start importing Assets/MATERIALES/Valencia Fountain/Fbx/Materials/FountainDifuse.mat using Guid(61871f12fa1af2144a00447fa36db614) Importer(815301076,1909f56bfc062723c751e8b465ee728b)  -> (artifact id: 'b0b9985b6d6e0fd05791a27cd080fb6a') in 0.624114 seconds
Number of updated asset objects reloaded before import = 0
Number of asset objects unloaded after import = 4
========================================================================
Received Import Request.
  Time since last request: 0.000033 seconds.
  path: Assets/MATERIALES/Valencia Fountain/Fbx/Materials/Ground02.mat
  artifactKey: Guid(00aba638be8fb4d429222264ae6e3c7a) Importer(815301076,1909f56bfc062723c751e8b465ee728b)
Start importing Assets/MATERIALES/Valencia Fountain/Fbx/Materials/Ground02.mat using Guid(00aba638be8fb4d429222264ae6e3c7a) Importer(815301076,1909f56bfc062723c751e8b465ee728b)  -> (artifact id: '8111d7538bf7be43de7d642c2396ad5c') in 0.073537 seconds
Number of updated asset objects reloaded before import = 0
Number of asset objects unloaded after import = 4
Editor requested this worker to shutdown with reason: Scaling down because of idle timeout
TcpMessagingSession - receive error
AssetImportWorkerClient::OnTransportError - code=2 error=End of file
AssetImportWorker is now disconnected from the server
Process exiting
Exiting without the bug reporter. Application will terminate with return code 0